<?xml version="1.0" encoding="UTF-8"?>
<testsuite xmlns:xsi="http://www.w3.org/2001/XMLSchema-instance" xsi:noNamespaceSchemaLocation="https://maven.apache.org/surefire/maven-surefire-plugin/xsd/surefire-test-report.xsd" name="com.mycompany.tp2.QuadraticSolverTest" time="0.372" tests="8" errors="0" skipped="0" failures="3">
  <properties>
    <property name="java.specification.version" value="21"/>
    <property name="sun.jnu.encoding" value="UTF-8"/>
    <property name="java.class.path" value="/home/atabong/NetBeansProjects/TP2/target/test-classes:/home/atabong/NetBeansProjects/TP2/target/classes:/home/atabong/.m2/repository/junit/junit/4.13.2/junit-4.13.2.jar:/home/atabong/.m2/repository/org/hamcrest/hamcrest-core/1.3/hamcrest-core-1.3.jar:"/>
    <property name="java.vm.vendor" value="Ubuntu"/>
    <property name="sun.arch.data.model" value="64"/>
    <property name="java.vendor.url" value="https://ubuntu.com/"/>
    <property name="os.name" value="Linux"/>
    <property name="java.vm.specification.version" value="21"/>
    <property name="sun.java.launcher" value="SUN_STANDARD"/>
    <property name="user.country" value="FR"/>
    <property name="sun.boot.library.path" value="/usr/lib/jvm/java-21-openjdk-amd64/lib"/>
    <property name="sun.java.command" value="/home/atabong/NetBeansProjects/TP2/target/surefire/surefirebooter14706406262897929812.jar /home/atabong/NetBeansProjects/TP2/target/surefire 2025-02-28T15-36-00_791-jvmRun1 surefire9923956918622599901tmp surefire_012528826903826093547tmp"/>
    <property name="jdk.debug" value="release"/>
    <property name="surefire.test.class.path" value="/home/atabong/NetBeansProjects/TP2/target/test-classes:/home/atabong/NetBeansProjects/TP2/target/classes:/home/atabong/.m2/repository/junit/junit/4.13.2/junit-4.13.2.jar:/home/atabong/.m2/repository/org/hamcrest/hamcrest-core/1.3/hamcrest-core-1.3.jar:"/>
    <property name="sun.cpu.endian" value="little"/>
    <property name="user.home" value="/home/atabong"/>
    <property name="user.language" value="fr"/>
    <property name="java.specification.vendor" value="Oracle Corporation"/>
    <property name="java.version.date" value="2025-01-21"/>
    <property name="java.home" value="/usr/lib/jvm/java-21-openjdk-amd64"/>
    <property name="file.separator" value="/"/>
    <property name="basedir" value="/home/atabong/NetBeansProjects/TP2"/>
    <property name="java.vm.compressedOopsMode" value="32-bit"/>
    <property name="line.separator" value="&#10;"/>
    <property name="java.specification.name" value="Java Platform API Specification"/>
    <property name="java.vm.specification.vendor" value="Oracle Corporation"/>
    <property name="surefire.real.class.path" value="/home/atabong/NetBeansProjects/TP2/target/surefire/surefirebooter14706406262897929812.jar"/>
    <property name="sun.management.compiler" value="HotSpot 64-Bit Tiered Compilers"/>
    <property name="java.runtime.version" value="21.0.6+7-Ubuntu-122.04.1"/>
    <property name="user.name" value="atabong"/>
    <property name="stdout.encoding" value="UTF-8"/>
    <property name="path.separator" value=":"/>
    <property name="os.version" value="6.8.0-52-generic"/>
    <property name="java.runtime.name" value="OpenJDK Runtime Environment"/>
    <property name="file.encoding" value="UTF-8"/>
    <property name="java.vm.name" value="OpenJDK 64-Bit Server VM"/>
    <property name="localRepository" value="/home/atabong/.m2/repository"/>
    <property name="java.vendor.url.bug" value="https://bugs.launchpad.net/ubuntu/+source/openjdk-21"/>
    <property name="java.io.tmpdir" value="/tmp"/>
    <property name="java.version" value="21.0.6"/>
    <property name="user.dir" value="/home/atabong/NetBeansProjects/TP2"/>
    <property name="os.arch" value="amd64"/>
    <property name="java.vm.specification.name" value="Java Virtual Machine Specification"/>
    <property name="native.encoding" value="UTF-8"/>
    <property name="java.library.path" value="/usr/java/packages/lib:/usr/lib/x86_64-linux-gnu/jni:/lib/x86_64-linux-gnu:/usr/lib/x86_64-linux-gnu:/usr/lib/jni:/lib:/usr/lib"/>
    <property name="java.vm.info" value="mixed mode, sharing"/>
    <property name="stderr.encoding" value="UTF-8"/>
    <property name="java.vendor" value="Ubuntu"/>
    <property name="java.vm.version" value="21.0.6+7-Ubuntu-122.04.1"/>
    <property name="sun.io.unicode.encoding" value="UnicodeLittle"/>
    <property name="java.class.version" value="65.0"/>
  </properties>
  <testcase name="testInfiniteSolutions" classname="com.mycompany.tp2.QuadraticSolverTest" time="0.022"/>
  <testcase name="testOneRealSolution" classname="com.mycompany.tp2.QuadraticSolverTest" time="0"/>
  <testcase name="testTwoRealSolutions" classname="com.mycompany.tp2.QuadraticSolverTest" time="0.03">
    <failure message="arrays first differed at element [0]; expected:&lt;1.0&gt; but was:&lt;3.0&gt;" type="org.junit.internal.ArrayComparisonFailure"><![CDATA[org.junit.internal.ArrayComparisonFailure: arrays first differed at element [0]; expected:<1.0> but was:<3.0>
	at com.mycompany.tp2.QuadraticSolverTest.testTwoRealSolutions(QuadraticSolverTest.java:31)
Caused by: java.lang.AssertionError: expected:<1.0> but was:<3.0>
	at com.mycompany.tp2.QuadraticSolverTest.testTwoRealSolutions(QuadraticSolverTest.java:31)
]]></failure>
  </testcase>
  <testcase name="testLinearSolution" classname="com.mycompany.tp2.QuadraticSolverTest" time="0"/>
  <testcase name="testPairwiseScenarios" classname="com.mycompany.tp2.QuadraticSolverTest" time="0.07">
    <failure message="Pour a=100.0, b=-1.0E-6, c=0.0 expected:&lt;TWO_REAL_SOLUTIONS&gt; but was:&lt;ONE_REAL_SOLUTION&gt;" type="java.lang.AssertionError"><![CDATA[java.lang.AssertionError: Pour a=100.0, b=-1.0E-6, c=0.0 expected:<TWO_REAL_SOLUTIONS> but was:<ONE_REAL_SOLUTION>
	at com.mycompany.tp2.QuadraticSolverTest.testSinglePairwiseCase(QuadraticSolverTest.java:122)
	at com.mycompany.tp2.QuadraticSolverTest.testPairwiseScenarios(QuadraticSolverTest.java:113)
]]></failure>
  </testcase>
  <testcase name="testNoRealSolution" classname="com.mycompany.tp2.QuadraticSolverTest" time="0.002"/>
  <testcase name="testNumericalStability" classname="com.mycompany.tp2.QuadraticSolverTest" time="0.006">
    <failure message="expected:&lt;TWO_REAL_SOLUTIONS&gt; but was:&lt;ONE_REAL_SOLUTION&gt;" type="java.lang.AssertionError"><![CDATA[java.lang.AssertionError: expected:<TWO_REAL_SOLUTIONS> but was:<ONE_REAL_SOLUTION>
	at com.mycompany.tp2.QuadraticSolverTest.testNumericalStability(QuadraticSolverTest.java:106)
]]></failure>
  </testcase>
  <testcase name="testNoSolution" classname="com.mycompany.tp2.QuadraticSolverTest" time="0.002"/>
</testsuite>